<?xml version="1.0" encoding="UTF-8" standalone="no"?>
<testsuite failures="0" name="cucumber.runtime.formatter.JUnitFormatter" skipped="0" tests="6" time="0.380868">
    <testcase classname="Login test for Free CRM Application" name="Login with correct username and password" time="0.380293">
        <system-out><![CDATA[Given Valid login test......................................................passed
]]></system-out>
    </testcase>
    <testcase classname="Login test for Free CRM Application" name="Create a contact" time="0.000098">
        <system-out><![CDATA[Given This is a contact testcase............................................passed
]]></system-out>
    </testcase>
    <testcase classname="Login test for Free CRM Application" name="Create a deal" time="0.00012">
        <system-out><![CDATA[Given This is a deal testcase...............................................passed
]]></system-out>
    </testcase>
    <testcase classname="Login test for Free CRM Application" name="Create a task" time="0.000171">
        <system-out><![CDATA[Given This is a task testcase...............................................passed
]]></system-out>
    </testcase>
    <testcase classname="Login test for Free CRM Application" name="validate a report" time="0.000101">
        <system-out><![CDATA[Given This is a report test.................................................passed
]]></system-out>
    </testcase>
    <testcase classname="Login test for Free CRM Application" name="application logout" time="0.000085">
        <system-out><![CDATA[Given This is a logout test.................................................passed
]]></system-out>
    </testcase>
</testsuite>
